<?xml version="1.0" encoding="UTF-8"?>
<!-- Generated by org.testng.reporters.JUnitReportReporter -->
<testsuite skipped="0" hostname="Goldfinch" name="com.tests.Comparator_ComparableTest" tests="1" failures="0" timestamp="16 Nov 2016 08:39:33 GMT" time="0.015" errors="0">
  <testcase name="testComparator" time="0.015" classname="com.tests.Comparator_ComparableTest"/>
</testsuite> <!-- com.tests.Comparator_ComparableTest -->
