<?xml version="1.0" encoding="UTF-8"?>
<!-- Generated by org.testng.reporters.JUnitReportReporter -->
<testsuite skipped="0" hostname="Goldfinch" name="com.java.local.validatons.anno.validators.ProductIdValidator" tests="1" failures="0" timestamp="15 Nov 2016 10:44:57 GMT" time="0.062" errors="0">
  <testcase name="checkIfValid" time="0.062" classname="com.java.local.validatons.anno.validators.ProductIdValidator"/>
</testsuite> <!-- com.java.local.validatons.anno.validators.ProductIdValidator -->
